# JRE version: Java(TM) SE Runtime Environment (8.0_101-b13) (build 1.8.0_101-b13)
# Java VM: Java HotSpot(TM) 64-Bit Server VM (25.101-b13 mixed mode windows-amd64 compressed oops)
Heap:
 PSYoungGen      total 135168K, used 3137K [0x00000000eb380000, 0x00000000f4980000, 0x0000000100000000)
  eden space 127488K, 0% used [0x00000000eb380000,0x00000000eb380000,0x00000000f3000000)
  from space 7680K, 40% used [0x00000000f3b00000,0x00000000f3e104f0,0x00000000f4280000)
  to   space 11264K, 0% used [0x00000000f3000000,0x00000000f3000000,0x00000000f3b00000)
 ParOldGen       total 43520K, used 17020K [0x00000000c1a00000, 0x00000000c4480000, 0x00000000eb380000)
  object space 43520K, 39% used [0x00000000c1a00000,0x00000000c2a9f3c8,0x00000000c4480000)
 Metaspace       used 24373K, capacity 25046K, committed 25344K, reserved 1071104K
  class space    used 2859K, capacity 3068K, committed 3072K, reserved 1048576K
GC Heap History (10 events):
Event: 3.252 GC heap after
Heap after GC invocations=7 (full 0):
 PSYoungGen      total 72192K, used 6511K [0x00000000eb380000, 0x00000000f4280000, 0x0000000100000000)
  eden space 65536K, 0% used [0x00000000eb380000,0x00000000eb380000,0x00000000ef380000)
  from space 6656K, 97% used [0x00000000ef380000,0x00000000ef9dbc38,0x00000000efa00000)
  to   space 7680K, 0% used [0x00000000f3b00000,0x00000000f3b00000,0x00000000f4280000)
 ParOldGen       total 44032K, used 10216K [0x00000000c1a00000, 0x00000000c4500000, 0x00000000eb380000)
  object space 44032K, 23% used [0x00000000c1a00000,0x00000000c23fa380,0x00000000c4500000)
 Metaspace       used 14217K, capacity 14680K, committed 14848K, reserved 1062912K
  class space    used 1671K, capacity 1772K, committed 1792K, reserved 1048576K
}
Event: 4.925 GC heap before
{Heap before GC invocations=8 (full 0):
 PSYoungGen      total 72192K, used 72047K [0x00000000eb380000, 0x00000000f4280000, 0x0000000100000000)
  eden space 65536K, 100% used [0x00000000eb380000,0x00000000ef380000,0x00000000ef380000)
  from space 6656K, 97% used [0x00000000ef380000,0x00000000ef9dbc38,0x00000000efa00000)
  to   space 7680K, 0% used [0x00000000f3b00000,0x00000000f3b00000,0x00000000f4280000)
 ParOldGen       total 44032K, used 10216K [0x00000000c1a00000, 0x00000000c4500000, 0x00000000eb380000)
  object space 44032K, 23% used [0x00000000c1a00000,0x00000000c23fa380,0x00000000c4500000)
 Metaspace       used 20222K, capacity 20756K, committed 20992K, reserved 1067008K
  class space    used 2365K, capacity 2495K, committed 2560K, reserved 1048576K
Event: 4.944 GC heap after
Heap after GC invocations=8 (full 0):
 PSYoungGen      total 135168K, used 7673K [0x00000000eb380000, 0x00000000f4980000, 0x0000000100000000)
  eden space 127488K, 0% used [0x00000000eb380000,0x00000000eb380000,0x00000000f3000000)
  from space 7680K, 99% used [0x00000000f3b00000,0x00000000f427e498,0x00000000f4280000)
  to   space 11264K, 0% used [0x00000000f3000000,0x00000000f3000000,0x00000000f3b00000)
 ParOldGen       total 44032K, used 16193K [0x00000000c1a00000, 0x00000000c4500000, 0x00000000eb380000)
  object space 44032K, 36% used [0x00000000c1a00000,0x00000000c29d07f8,0x00000000c4500000)
 Metaspace       used 20222K, capacity 20756K, committed 20992K, reserved 1067008K
  class space    used 2365K, capacity 2495K, committed 2560K, reserved 1048576K
}
Event: 5.099 GC heap before
{Heap before GC invocations=9 (full 0):
 PSYoungGen      total 135168K, used 23017K [0x00000000eb380000, 0x00000000f4980000, 0x0000000100000000)
  eden space 127488K, 12% used [0x00000000eb380000,0x00000000ec27c148,0x00000000f3000000)
  from space 7680K, 99% used [0x00000000f3b00000,0x00000000f427e498,0x00000000f4280000)
  to   space 11264K, 0% used [0x00000000f3000000,0x00000000f3000000,0x00000000f3b00000)
 ParOldGen       total 44032K, used 16193K [0x00000000c1a00000, 0x00000000c4500000, 0x00000000eb380000)
  object space 44032K, 36% used [0x00000000c1a00000,0x00000000c29d07f8,0x00000000c4500000)
 Metaspace       used 20674K, capacity 21204K, committed 21248K, reserved 1069056K
  class space    used 2418K, capacity 2559K, committed 2560K, reserved 1048576K
Event: 5.123 GC heap after
Heap after GC invocations=9 (full 0):
 PSYoungGen      total 138752K, used 6348K [0x00000000eb380000, 0x00000000f4980000, 0x0000000100000000)
  eden space 127488K, 0% used [0x00000000eb380000,0x00000000eb380000,0x00000000f3000000)
  from space 11264K, 56% used [0x00000000f3000000,0x00000000f36333b8,0x00000000f3b00000)
  to   space 7680K, 0% used [0x00000000f3b00000,0x00000000f3b00000,0x00000000f4280000)
 ParOldGen       total 44032K, used 18039K [0x00000000c1a00000, 0x00000000c4500000, 0x00000000eb380000)
  object space 44032K, 40% used [0x00000000c1a00000,0x00000000c2b9dc40,0x00000000c4500000)
 Metaspace       used 20674K, capacity 21204K, committed 21248K, reserved 1069056K
  class space    used 2418K, capacity 2559K, committed 2560K, reserved 1048576K
}
Event: 5.123 GC heap before
{Heap before GC invocations=10 (full 1):
 PSYoungGen      total 138752K, used 6348K [0x00000000eb380000, 0x00000000f4980000, 0x0000000100000000)
  eden space 127488K, 0% used [0x00000000eb380000,0x00000000eb380000,0x00000000f3000000)
  from space 11264K, 56% used [0x00000000f3000000,0x00000000f36333b8,0x00000000f3b00000)
  to   space 7680K, 0% used [0x00000000f3b00000,0x00000000f3b00000,0x00000000f4280000)
 ParOldGen       total 44032K, used 18039K [0x00000000c1a00000, 0x00000000c4500000, 0x00000000eb380000)
  object space 44032K, 40% used [0x00000000c1a00000,0x00000000c2b9dc40,0x00000000c4500000)
 Metaspace       used 20674K, capacity 21204K, committed 21248K, reserved 1069056K
  class space    used 2418K, capacity 2559K, committed 2560K, reserved 1048576K
Event: 5.234 GC heap after
Heap after GC invocations=10 (full 1):
 PSYoungGen      total 138752K, used 0K [0x00000000eb380000, 0x00000000f4980000, 0x0000000100000000)
  eden space 127488K, 0% used [0x00000000eb380000,0x00000000eb380000,0x00000000f3000000)
  from space 11264K, 0% used [0x00000000f3000000,0x00000000f3000000,0x00000000f3b00000)
  to   space 7680K, 0% used [0x00000000f3b00000,0x00000000f3b00000,0x00000000f4280000)
 ParOldGen       total 43520K, used 17020K [0x00000000c1a00000, 0x00000000c4480000, 0x00000000eb380000)
  object space 43520K, 39% used [0x00000000c1a00000,0x00000000c2a9f3c8,0x00000000c4480000)
 Metaspace       used 20674K, capacity 21204K, committed 21248K, reserved 1069056K
  class space    used 2418K, capacity 2559K, committed 2560K, reserved 1048576K
}
Event: 6.246 GC heap before
{Heap before GC invocations=11 (full 1):
 PSYoungGen      total 138752K, used 33160K [0x00000000eb380000, 0x00000000f4980000, 0x0000000100000000)
  eden space 127488K, 26% used [0x00000000eb380000,0x00000000ed3e2170,0x00000000f3000000)
  from space 11264K, 0% used [0x00000000f3000000,0x00000000f3000000,0x00000000f3b00000)
  to   space 7680K, 0% used [0x00000000f3b00000,0x00000000f3b00000,0x00000000f4280000)
 ParOldGen       total 43520K, used 17020K [0x00000000c1a00000, 0x00000000c4480000, 0x00000000eb380000)
  object space 43520K, 39% used [0x00000000c1a00000,0x00000000c2a9f3c8,0x00000000c4480000)
 Metaspace       used 24373K, capacity 25046K, committed 25344K, reserved 1071104K
  class space    used 2859K, capacity 3068K, committed 3072K, reserved 1048576K
Event: 6.274 GC heap after
Heap after GC invocations=11 (full 1):
 PSYoungGen      total 135168K, used 3137K [0x00000000eb380000, 0x00000000f4980000, 0x0000000100000000)
  eden space 127488K, 0% used [0x00000000eb380000,0x00000000eb380000,0x00000000f3000000)
  from space 7680K, 40% used [0x00000000f3b00000,0x00000000f3e104f0,0x00000000f4280000)
  to   space 11264K, 0% used [0x00000000f3000000,0x00000000f3000000,0x00000000f3b00000)
 ParOldGen       total 43520K, used 17020K [0x00000000c1a00000, 0x00000000c4480000, 0x00000000eb380000)
  object space 43520K, 39% used [0x00000000c1a00000,0x00000000c2a9f3c8,0x00000000c4480000)
 Metaspace       used 24373K, capacity 25046K, committed 25344K, reserved 1071104K
  class space    used 2859K, capacity 3068K, committed 3072K, reserved 1048576K
}
Event: 6.274 GC heap before
{Heap before GC invocations=12 (full 2):
 PSYoungGen      total 135168K, used 3137K [0x00000000eb380000, 0x00000000f4980000, 0x0000000100000000)
  eden space 127488K, 0% used [0x00000000eb380000,0x00000000eb380000,0x00000000f3000000)
  from space 7680K, 40% used [0x00000000f3b00000,0x00000000f3e104f0,0x00000000f4280000)
  to   space 11264K, 0% used [0x00000000f3000000,0x00000000f3000000,0x00000000f3b00000)
 ParOldGen       total 43520K, used 17020K [0x00000000c1a00000, 0x00000000c4480000, 0x00000000eb380000)
  object space 43520K, 39% used [0x00000000c1a00000,0x00000000c2a9f3c8,0x00000000c4480000)
 Metaspace       used 24373K, capacity 25046K, committed 25344K, reserved 1071104K
  class space    used 2859K, capacity 3068K, committed 3072K, reserved 1048576K

