# JRE version: Java(TM) SE Runtime Environment (8.0_101-b13) (build 1.8.0_101-b13)
# Java VM: Java HotSpot(TM) 64-Bit Server VM (25.101-b13 mixed mode windows-amd64 compressed oops)
Heap:
 PSYoungGen      total 72704K, used 62130K [0x00000000eb380000, 0x00000000f0180000, 0x0000000100000000)
  eden space 65536K, 84% used [0x00000000eb380000,0x00000000ee9b3ce8,0x00000000ef380000)
  from space 7168K, 92% used [0x00000000ef380000,0x00000000ef9f8c18,0x00000000efa80000)
  to   space 6656K, 0% used [0x00000000efb00000,0x00000000efb00000,0x00000000f0180000)
 ParOldGen       total 44032K, used 10855K [0x00000000c1a00000, 0x00000000c4500000, 0x00000000eb380000)
  object space 44032K, 24% used [0x00000000c1a00000,0x00000000c2499cc8,0x00000000c4500000)
 Metaspace       used 19752K, capacity 20284K, committed 20352K, reserved 1067008K
  class space    used 2321K, capacity 2428K, committed 2432K, reserved 1048576K
GC Heap History (10 events):
Event: 1.052 GC heap before
{Heap before GC invocations=3 (full 0):
 PSYoungGen      total 18944K, used 18940K [0x00000000eb380000, 0x00000000ed880000, 0x0000000100000000)
  eden space 16384K, 100% used [0x00000000eb380000,0x00000000ec380000,0x00000000ec380000)
  from space 2560K, 99% used [0x00000000ec600000,0x00000000ec87f148,0x00000000ec880000)
  to   space 2560K, 0% used [0x00000000ec380000,0x00000000ec380000,0x00000000ec600000)
 ParOldGen       total 44032K, used 1214K [0x00000000c1a00000, 0x00000000c4500000, 0x00000000eb380000)
  object space 44032K, 2% used [0x00000000c1a00000,0x00000000c1b2f9b8,0x00000000c4500000)
 Metaspace       used 9742K, capacity 9960K, committed 10112K, reserved 1058816K
  class space    used 1244K, capacity 1313K, committed 1408K, reserved 1048576K
Event: 1.057 GC heap after
Heap after GC invocations=3 (full 0):
 PSYoungGen      total 18944K, used 2552K [0x00000000eb380000, 0x00000000ed880000, 0x0000000100000000)
  eden space 16384K, 0% used [0x00000000eb380000,0x00000000eb380000,0x00000000ec380000)
  from space 2560K, 99% used [0x00000000ec380000,0x00000000ec5fe010,0x00000000ec600000)
  to   space 2560K, 0% used [0x00000000ed600000,0x00000000ed600000,0x00000000ed880000)
 ParOldGen       total 44032K, used 3076K [0x00000000c1a00000, 0x00000000c4500000, 0x00000000eb380000)
  object space 44032K, 6% used [0x00000000c1a00000,0x00000000c1d01358,0x00000000c4500000)
 Metaspace       used 9742K, capacity 9960K, committed 10112K, reserved 1058816K
  class space    used 1244K, capacity 1313K, committed 1408K, reserved 1048576K
}
Event: 1.431 GC heap before
{Heap before GC invocations=4 (full 0):
 PSYoungGen      total 18944K, used 18936K [0x00000000eb380000, 0x00000000ed880000, 0x0000000100000000)
  eden space 16384K, 100% used [0x00000000eb380000,0x00000000ec380000,0x00000000ec380000)
  from space 2560K, 99% used [0x00000000ec380000,0x00000000ec5fe010,0x00000000ec600000)
  to   space 2560K, 0% used [0x00000000ed600000,0x00000000ed600000,0x00000000ed880000)
 ParOldGen       total 44032K, used 3076K [0x00000000c1a00000, 0x00000000c4500000, 0x00000000eb380000)
  object space 44032K, 6% used [0x00000000c1a00000,0x00000000c1d01358,0x00000000c4500000)
 Metaspace       used 12177K, capacity 12384K, committed 12672K, reserved 1060864K
  class space    used 1496K, capacity 1548K, committed 1664K, reserved 1048576K
Event: 1.455 GC heap after
Heap after GC invocations=4 (full 0):
 PSYoungGen      total 35328K, used 2536K [0x00000000eb380000, 0x00000000ed880000, 0x0000000100000000)
  eden space 32768K, 0% used [0x00000000eb380000,0x00000000eb380000,0x00000000ed380000)
  from space 2560K, 99% used [0x00000000ed600000,0x00000000ed87a040,0x00000000ed880000)
  to   space 2560K, 0% used [0x00000000ed380000,0x00000000ed380000,0x00000000ed600000)
 ParOldGen       total 44032K, used 6367K [0x00000000c1a00000, 0x00000000c4500000, 0x00000000eb380000)
  object space 44032K, 14% used [0x00000000c1a00000,0x00000000c2037d28,0x00000000c4500000)
 Metaspace       used 12177K, capacity 12384K, committed 12672K, reserved 1060864K
  class space    used 1496K, capacity 1548K, committed 1664K, reserved 1048576K
}
Event: 2.162 GC heap before
{Heap before GC invocations=5 (full 0):
 PSYoungGen      total 35328K, used 35304K [0x00000000eb380000, 0x00000000ed880000, 0x0000000100000000)
  eden space 32768K, 100% used [0x00000000eb380000,0x00000000ed380000,0x00000000ed380000)
  from space 2560K, 99% used [0x00000000ed600000,0x00000000ed87a040,0x00000000ed880000)
  to   space 2560K, 0% used [0x00000000ed380000,0x00000000ed380000,0x00000000ed600000)
 ParOldGen       total 44032K, used 6367K [0x00000000c1a00000, 0x00000000c4500000, 0x00000000eb380000)
  object space 44032K, 14% used [0x00000000c1a00000,0x00000000c2037d28,0x00000000c4500000)
 Metaspace       used 12923K, capacity 13224K, committed 13440K, reserved 1060864K
  class space    used 1577K, capacity 1652K, committed 1664K, reserved 1048576K
Event: 2.174 GC heap after
Heap after GC invocations=5 (full 0):
 PSYoungGen      total 35328K, used 2536K [0x00000000eb380000, 0x00000000f0280000, 0x0000000100000000)
  eden space 32768K, 0% used [0x00000000eb380000,0x00000000eb380000,0x00000000ed380000)
  from space 2560K, 99% used [0x00000000ed380000,0x00000000ed5fa040,0x00000000ed600000)
  to   space 7680K, 0% used [0x00000000efb00000,0x00000000efb00000,0x00000000f0280000)
 ParOldGen       total 44032K, used 10111K [0x00000000c1a00000, 0x00000000c4500000, 0x00000000eb380000)
  object space 44032K, 22% used [0x00000000c1a00000,0x00000000c23dfc68,0x00000000c4500000)
 Metaspace       used 12923K, capacity 13224K, committed 13440K, reserved 1060864K
  class space    used 1577K, capacity 1652K, committed 1664K, reserved 1048576K
}
Event: 2.637 GC heap before
{Heap before GC invocations=6 (full 0):
 PSYoungGen      total 35328K, used 35304K [0x00000000eb380000, 0x00000000f0280000, 0x0000000100000000)
  eden space 32768K, 100% used [0x00000000eb380000,0x00000000ed380000,0x00000000ed380000)
  from space 2560K, 99% used [0x00000000ed380000,0x00000000ed5fa040,0x00000000ed600000)
  to   space 7680K, 0% used [0x00000000efb00000,0x00000000efb00000,0x00000000f0280000)
 ParOldGen       total 44032K, used 10111K [0x00000000c1a00000, 0x00000000c4500000, 0x00000000eb380000)
  object space 44032K, 22% used [0x00000000c1a00000,0x00000000c23dfc68,0x00000000c4500000)
 Metaspace       used 13253K, capacity 13558K, committed 13696K, reserved 1060864K
  class space    used 1588K, capacity 1657K, committed 1664K, reserved 1048576K
Event: 2.648 GC heap after
Heap after GC invocations=6 (full 0):
 PSYoungGen      total 72192K, used 4008K [0x00000000eb380000, 0x00000000f0180000, 0x0000000100000000)
  eden space 65536K, 0% used [0x00000000eb380000,0x00000000eb380000,0x00000000ef380000)
  from space 6656K, 60% used [0x00000000efb00000,0x00000000efeea040,0x00000000f0180000)
  to   space 7168K, 0% used [0x00000000ef380000,0x00000000ef380000,0x00000000efa80000)
 ParOldGen       total 44032K, used 10119K [0x00000000c1a00000, 0x00000000c4500000, 0x00000000eb380000)
  object space 44032K, 22% used [0x00000000c1a00000,0x00000000c23e1c68,0x00000000c4500000)
 Metaspace       used 13253K, capacity 13558K, committed 13696K, reserved 1060864K
  class space    used 1588K, capacity 1657K, committed 1664K, reserved 1048576K
}
Event: 4.197 GC heap before
{Heap before GC invocations=7 (full 0):
 PSYoungGen      total 72192K, used 69544K [0x00000000eb380000, 0x00000000f0180000, 0x0000000100000000)
  eden space 65536K, 100% used [0x00000000eb380000,0x00000000ef380000,0x00000000ef380000)
  from space 6656K, 60% used [0x00000000efb00000,0x00000000efeea040,0x00000000f0180000)
  to   space 7168K, 0% used [0x00000000ef380000,0x00000000ef380000,0x00000000efa80000)
 ParOldGen       total 44032K, used 10119K [0x00000000c1a00000, 0x00000000c4500000, 0x00000000eb380000)
  object space 44032K, 22% used [0x00000000c1a00000,0x00000000c23e1c68,0x00000000c4500000)
 Metaspace       used 14276K, capacity 14680K, committed 14848K, reserved 1062912K
  class space    used 1672K, capacity 1772K, committed 1792K, reserved 1048576K
Event: 4.227 GC heap after
Heap after GC invocations=7 (full 0):
 PSYoungGen      total 72704K, used 6627K [0x00000000eb380000, 0x00000000f0180000, 0x0000000100000000)
  eden space 65536K, 0% used [0x00000000eb380000,0x00000000eb380000,0x00000000ef380000)
  from space 7168K, 92% used [0x00000000ef380000,0x00000000ef9f8c18,0x00000000efa80000)
  to   space 6656K, 0% used [0x00000000efb00000,0x00000000efb00000,0x00000000f0180000)
 ParOldGen       total 44032K, used 10855K [0x00000000c1a00000, 0x00000000c4500000, 0x00000000eb380000)
  object space 44032K, 24% used [0x00000000c1a00000,0x00000000c2499cc8,0x00000000c4500000)
 Metaspace       used 14276K, capacity 14680K, committed 14848K, reserved 1062912K
  class space    used 1672K, capacity 1772K, committed 1792K, reserved 1048576K
}

